-------------------------------------------------------------------------------
Test set: com.it_academy.tests.onliner.SelenideOnlinerTest
-------------------------------------------------------------------------------
Tests run: 3, Failures: 1, Errors: 0, Skipped: 0, Time elapsed: 90.111 s <<< FAILURE! - in com.it_academy.tests.onliner.SelenideOnlinerTest
testProductsAndDescriptionInAccessoriesAreNotEmpty  Time elapsed: 29.076 s  <<< FAILURE!
java.lang.AssertionError: 
[Accessories doesn't contain min price] 
Expecting actual:
  ["1,620 товаров
от 147,10 р.",
    "1,143 товара
от 58,55 р.",
    "1,652 товара
от 140,18 р.",
    "4,323 товара
от 38,01 р.",
    "3,111 товаров
от 2,00 р.",
    "3,062 товара
от 63,38 р.",
    "1,094 товара
от 53,70 р.",
    "2,696 товаров
от 29,30 р.",
    "1,994 товара
от 39,97 р.",
    "84 товара
от 10,95 р.",
    "426 товаров
от 11,84 р.",
    "135 товаров
от 49,28 р.",
    "29 товаров
от 52,60 р."]
to contain sequence:
  ["от", "р."]

	at com.it_academy.tests.onliner.SelenideOnlinerTest.testProductsAndDescriptionInAccessoriesAreNotEmpty(SelenideOnlinerTest.java:46)

