-------------------------------------------------------------------------------
Test set: com.it_academy.tests.onliner.SelenideOnlinerTest
-------------------------------------------------------------------------------
Tests run: 3, Failures: 2, Errors: 0, Skipped: 0, Time elapsed: 34.748 s <<< FAILURE! - in com.it_academy.tests.onliner.SelenideOnlinerTest
testProductsAndDescriptionInAccessoriesAreNotEmpty  Time elapsed: 7.508 s  <<< FAILURE!
java.lang.AssertionError: 
[Accessories doesn't contain min price] 
Expecting all elements of:
  ["1,625 товаров
от 118,78 р.",
    "1,147 товаров
от 55,93 р.",
    "1,653 товара
от 138,06 р.",
    "4,328 товаров
от 37,54 р.",
    "3,115 товаров
от 1,59 р.",
    "3,064 товара
от 79,45 р.",
    "1,091 товар
от 43,82 р.",
    "2,703 товара
от 27,76 р.",
    "1,997 товаров
от 38,48 р.",
    "85 товаров
от 10,95 р.",
    "427 товаров
от 11,84 р.",
    "136 товаров
от 48,86 р.",
    "29 товаров
от 50,32 р."]
to match given predicate but these elements did not:
  ["1,625 товаров
от 118,78 р.",
    "1,147 товаров
от 55,93 р.",
    "1,653 товара
от 138,06 р.",
    "4,328 товаров
от 37,54 р.",
    "3,115 товаров
от 1,59 р.",
    "3,064 товара
от 79,45 р.",
    "1,091 товар
от 43,82 р.",
    "2,703 товара
от 27,76 р.",
    "1,997 товаров
от 38,48 р.",
    "85 товаров
от 10,95 р.",
    "427 товаров
от 11,84 р.",
    "136 товаров
от 48,86 р.",
    "29 товаров
от 50,32 р."]
	at com.it_academy.tests.onliner.SelenideOnlinerTest.testProductsAndDescriptionInAccessoriesAreNotEmpty(SelenideOnlinerTest.java:45)

testCatalogItemsIsNotEmpty  Time elapsed: 2.984 s  <<< FAILURE!
java.lang.AssertionError: 
[Catalog items are empty] 
Expecting empty but was: ["Электроника",
    "Компьютеры и сети",
    "Бытовая техника",
    "Стройка и ремонт",
    "Дом и сад",
    "Авто и мото",
    "Красота и спорт",
    "Детям и мамам",
    "Работа и офис",
    "Еда"]
	at com.it_academy.tests.onliner.SelenideOnlinerTest.testCatalogItemsIsNotEmpty(SelenideOnlinerTest.java:20)

