-------------------------------------------------------------------------------
Test set: com.it_academy.tests.onliner.web_ui_test.CatalogOnlinerItemsTest
-------------------------------------------------------------------------------
Tests run: 1, Failures: 1, Errors: 0, Skipped: 0, Time elapsed: 5.399 s <<< FAILURE! - in com.it_academy.tests.onliner.web_ui_test.CatalogOnlinerItemsTest
testCatalogItemsAreNotEmpty  Time elapsed: 3.512 s  <<< FAILURE!
java.lang.AssertionError: 
[Catalog items are empty] 
Expecting all elements of:
  ["Электроника",
    "Компьютеры и сети",
    "Бытовая техника",
    "Стройка и ремонт",
    "Дом и сад",
    "Авто и мото",
    "Красота и спорт",
    "Детям и мамам",
    "Работа и офис",
    "Еда"]
to match given predicate but these elements did not:
  ["Электроника",
    "Компьютеры и сети",
    "Бытовая техника",
    "Стройка и ремонт",
    "Дом и сад",
    "Авто и мото",
    "Красота и спорт",
    "Детям и мамам",
    "Работа и офис",
    "Еда"]
	at com.it_academy.tests.onliner.web_ui_test.CatalogOnlinerItemsTest.testCatalogItemsAreNotEmpty(CatalogOnlinerItemsTest.java:36)

