<?xml version="1.0" encoding="UTF-8"?>
<testsuite xmlns:xsi="http://www.w3.org/2001/XMLSchema-instance" xsi:noNamespaceSchemaLocation="https://maven.apache.org/surefire/maven-surefire-plugin/xsd/surefire-test-report.xsd" name="com.it_academy.tests.onliner.SelenideOnlinerTest" time="34.748" tests="3" errors="0" skipped="0" failures="2">
  <properties>
[...]
</properties>
  <testcase name="testProductsAndDescriptionInAccessoriesAreNotEmpty" classname="com.it_academy.tests.onliner.SelenideOnlinerTest" time="7.508">
    <failure message="[Accessories doesn&apos;t contain min price] &#10;Expecting all elements of:&#10;  [&quot;1,625 товаров&#10;от 118,78 р.&quot;,&#10;    &quot;1,147 товаров&#10;от 55,93 р.&quot;,&#10;    &quot;1,653 товара&#10;от 138,06 р.&quot;,&#10;    &quot;4,328 товаров&#10;от 37,54 р.&quot;,&#10;    &quot;3,115 товаров&#10;от 1,59 р.&quot;,&#10;    &quot;3,064 товара&#10;от 79,45 р.&quot;,&#10;    &quot;1,091 товар&#10;от 43,82 р.&quot;,&#10;    &quot;2,703 товара&#10;от 27,76 р.&quot;,&#10;    &quot;1,997 товаров&#10;от 38,48 р.&quot;,&#10;    &quot;85 товаров&#10;от 10,95 р.&quot;,&#10;    &quot;427 товаров&#10;от 11,84 р.&quot;,&#10;    &quot;136 товаров&#10;от 48,86 р.&quot;,&#10;    &quot;29 товаров&#10;от 50,32 р.&quot;]&#10;to match given predicate but these elements did not:&#10;  [&quot;1,625 товаров&#10;от 118,78 р.&quot;,&#10;    &quot;1,147 товаров&#10;от 55,93 р.&quot;,&#10;    &quot;1,653 товара&#10;от 138,06 р.&quot;,&#10;    &quot;4,328 товаров&#10;от 37,54 р.&quot;,&#10;    &quot;3,115 товаров&#10;от 1,59 р.&quot;,&#10;    &quot;3,064 товара&#10;от 79,45 р.&quot;,&#10;    &quot;1,091 товар&#10;от 43,82 р.&quot;,&#10;    &quot;2,703 товара&#10;от 27,76 р.&quot;,&#10;    &quot;1,997 товаров&#10;от 38,48 р.&quot;,&#10;    &quot;85 товаров&#10;от 10,95 р.&quot;,&#10;    &quot;427 товаров&#10;от 11,84 р.&quot;,&#10;    &quot;136 товаров&#10;от 48,86 р.&quot;,&#10;    &quot;29 товаров&#10;от 50,32 р.&quot;]" type="java.lang.AssertionError">java.lang.AssertionError: 
[Accessories doesn't contain min price] 
Expecting all elements of:
  ["1,625 товаров
от 118,78 р.",
    "1,147 товаров
от 55,93 р.",
    "1,653 товара
от 138,06 р.",
    "4,328 товаров
от 37,54 р.",
    "3,115 товаров
от 1,59 р.",
    "3,064 товара
от 79,45 р.",
    "1,091 товар
от 43,82 р.",
    "2,703 товара
от 27,76 р.",
    "1,997 товаров
от 38,48 р.",
    "85 товаров
от 10,95 р.",
    "427 товаров
от 11,84 р.",
    "136 товаров
от 48,86 р.",
    "29 товаров
от 50,32 р."]
to match given predicate but these elements did not:
  ["1,625 товаров
от 118,78 р.",
    "1,147 товаров
от 55,93 р.",
    "1,653 товара
от 138,06 р.",
    "4,328 товаров
от 37,54 р.",
    "3,115 товаров
от 1,59 р.",
    "3,064 товара
от 79,45 р.",
    "1,091 товар
от 43,82 р.",
    "2,703 товара
от 27,76 р.",
    "1,997 товаров
от 38,48 р.",
    "85 товаров
от 10,95 р.",
    "427 товаров
от 11,84 р.",
    "136 товаров
от 48,86 р.",
    "29 товаров
от 50,32 р."]
	at com.it_academy.tests.onliner.SelenideOnlinerTest.testProductsAndDescriptionInAccessoriesAreNotEmpty(SelenideOnlinerTest.java:45)
</failure>
    <system-err><![CDATA[Starting ChromeDriver 99.0.4844.51 (d537ec02474b5afe23684e7963d538896c63ac77-refs/branch-heads/4844@{#875}) on port 3137
Only local connections are allowed.
Please see https://chromedriver.chromium.org/security-considerations for suggestions on keeping ChromeDriver safe.
ChromeDriver was started successfully.
мар. 29, 2022 8:32:10 PM org.openqa.selenium.remote.ProtocolHandshake createSession
INFO: Detected dialect: W3C
]]></system-err>
  </testcase>
  <testcase name="testComputerAndNetItemsContainsCertainItems" classname="com.it_academy.tests.onliner.SelenideOnlinerTest" time="4.211"/>
  <testcase name="testCatalogItemsIsNotEmpty" classname="com.it_academy.tests.onliner.SelenideOnlinerTest" time="2.984">
    <failure message="[Catalog items are empty] &#10;Expecting empty but was: [&quot;Электроника&quot;,&#10;    &quot;Компьютеры и сети&quot;,&#10;    &quot;Бытовая техника&quot;,&#10;    &quot;Стройка и ремонт&quot;,&#10;    &quot;Дом и сад&quot;,&#10;    &quot;Авто и мото&quot;,&#10;    &quot;Красота и спорт&quot;,&#10;    &quot;Детям и мамам&quot;,&#10;    &quot;Работа и офис&quot;,&#10;    &quot;Еда&quot;]" type="java.lang.AssertionError">java.lang.AssertionError: 
[Catalog items are empty] 
Expecting empty but was: ["Электроника",
    "Компьютеры и сети",
    "Бытовая техника",
    "Стройка и ремонт",
    "Дом и сад",
    "Авто и мото",
    "Красота и спорт",
    "Детям и мамам",
    "Работа и офис",
    "Еда"]
	at com.it_academy.tests.onliner.SelenideOnlinerTest.testCatalogItemsIsNotEmpty(SelenideOnlinerTest.java:20)
</failure>
  </testcase>
</testsuite>