<?xml version="1.0" encoding="UTF-8"?>
<testsuite xmlns:xsi="http://www.w3.org/2001/XMLSchema-instance" xsi:noNamespaceSchemaLocation="https://maven.apache.org/surefire/maven-surefire-plugin/xsd/surefire-test-report.xsd" name="com.it_academy.tests.onliner.SelenideOnlinerTest" time="30.523" tests="3" errors="0" skipped="0" failures="0">
  <properties>
[...]
</properties>
  <testcase name="testProductsAndDescriptionInAccessoriesAreNotEmpty" classname="com.it_academy.tests.onliner.SelenideOnlinerTest" time="6.461"/>
  <testcase name="testComputerAndNetItemsContainsCertainItems" classname="com.it_academy.tests.onliner.SelenideOnlinerTest" time="3.125"/>
  <testcase name="testCatalogItemsIsNotEmpty" classname="com.it_academy.tests.onliner.SelenideOnlinerTest" time="4.075"/>
</testsuite>